### SYSTEM         = Linux ubuntu 4.15.0-20-generic #21-Ubuntu SMP Tue Apr 24 06:16:15 UTC 2018 x86_64 x86_64 x86_64 GNU/Linux
### DISK_SIZE      = 7G
### DURATION       = 30s
### DIRECTIO       = bufferedio,directio
### MEDIA_TYPES    = ssd,hdd,nvme,mem
### FS_TYPES       = ext4,ext4_no_jnl,xfs,btrfs,f2fs
### BENCH_TYPES    = DWAL,DWOL,DWOM,DWSL,MWRL,MWRM,MWCL,MWCM,MWUM,MWUL,DWTL,filebench_varmail,filebench_oltp,filebench_fileserver,dbench_client,MRPL,MRPM,MRPH,MRDM,MRDL,DRBH,DRBM,DRBL
### NCORES         = 1,2,3,4
### CORE_SEQ       = 0,1,2,3


### MODEL_NAME     = Intel Core Processor (Skylake, IBRS)
### PHYSICAL_CHIPS = 4
### CORE_PER_CHIP  = 1
### SMT_LEVEL      = 1


## ssd:ext4:DWOL:4:bufferedio
# ncpu secs works works/sec real.sec user.sec nice.sec sys.sec idle.sec iowait.sec irq.sec softirq.sec steal.sec guest.sec user.util nice.util sys.util idle.util iowait.util irq.util softirq.util steal.util guest.util

4 30.000026 72429390.000000 2414310.927716 30.0698 11.98 0 106.01 0.18 0.01 0 0 2.1 0 9.96009 0 88.136 0.149651 0.00831393 0 0 1.74593 0

## ssd:ext4_no_jnl:DWOL:4:bufferedio
# ncpu secs works works/sec real.sec user.sec nice.sec sys.sec idle.sec iowait.sec irq.sec softirq.sec steal.sec guest.sec user.util nice.util sys.util idle.util iowait.util irq.util softirq.util steal.util guest.util

4 30.000006 94776639.000000 3159220.720810 30.0684 14.95 0 102.74 0.17 0 0 0 2.42 0 12.4293 0 85.4174 0.141337 0 0 0 2.01197 0

## ssd:xfs:DWOL:4:bufferedio
# ncpu secs works works/sec real.sec user.sec nice.sec sys.sec idle.sec iowait.sec irq.sec softirq.sec steal.sec guest.sec user.util nice.util sys.util idle.util iowait.util irq.util softirq.util steal.util guest.util

4 30.000002 41141045.000000 1371368.086670 30.0736 7.78 0 109.8 0.18 0 0 0 2.53 0 6.4677 0 91.2794 0.149638 0 0 0 2.10325 0

## ssd:btrfs:DWOL:4:bufferedio
# ncpu secs works works/sec real.sec user.sec nice.sec sys.sec idle.sec iowait.sec irq.sec softirq.sec steal.sec guest.sec user.util nice.util sys.util idle.util iowait.util irq.util softirq.util steal.util guest.util

4 30.000009 31413591.000000 1047119.377138 30.0711 5.18 0 112.68 0.17 0 0 0 2.24 0 4.30698 0 93.6892 0.141349 0 0 0 1.86248 0

## ssd:f2fs:DWOL:4:bufferedio
# ncpu secs works works/sec real.sec user.sec nice.sec sys.sec idle.sec iowait.sec irq.sec softirq.sec steal.sec guest.sec user.util nice.util sys.util idle.util iowait.util irq.util softirq.util steal.util guest.util

4 30.000001 75788602.000000 2526286.628071 30.0706 12.87 0 105.27 0.17 0 0 0 1.99 0 10.6983 0 87.5062 0.141313 0 0 0 1.6542 0

## ssd:ext4:DWOL:3:bufferedio
# ncpu secs works works/sec real.sec user.sec nice.sec sys.sec idle.sec iowait.sec irq.sec softirq.sec steal.sec guest.sec user.util nice.util sys.util idle.util iowait.util irq.util softirq.util steal.util guest.util

3 30.003290 59666683.000000 1988671.342376 30.071 10.18 0 79.87 0.12 0.01 0 0 0.05 0 11.2823 0 88.5182 0.132993 0.0110828 0 0 0.0554139 0

## ssd:ext4_no_jnl:DWOL:3:bufferedio
# ncpu secs works works/sec real.sec user.sec nice.sec sys.sec idle.sec iowait.sec irq.sec softirq.sec steal.sec guest.sec user.util nice.util sys.util idle.util iowait.util irq.util softirq.util steal.util guest.util

3 30.000009 82230569.000000 2741018.113905 30.067 12.58 0 77.49 0.11 0 0 0 0.03 0 13.9452 0 85.8996 0.121938 0 0 0 0.0332557 0

## ssd:xfs:DWOL:3:bufferedio
# ncpu secs works works/sec real.sec user.sec nice.sec sys.sec idle.sec iowait.sec irq.sec softirq.sec steal.sec guest.sec user.util nice.util sys.util idle.util iowait.util irq.util softirq.util steal.util guest.util

3 30.000010 35708782.000000 1190292.349795 30.0709 5.81 0 84.26 0.12 0 0 0 0.01 0 6.44124 0 93.4146 0.133038 0 0 0 0.0110865 0

## ssd:btrfs:DWOL:3:bufferedio
# ncpu secs works works/sec real.sec user.sec nice.sec sys.sec idle.sec iowait.sec irq.sec softirq.sec steal.sec guest.sec user.util nice.util sys.util idle.util iowait.util irq.util softirq.util steal.util guest.util

3 30.000002 26859803.000000 895326.697030 30.0706 4.15 0 85.89 0.11 0 0 0 0.06 0 4.60038 0 95.2112 0.121938 0 0 0 0.0665115 0

## ssd:f2fs:DWOL:3:bufferedio
# ncpu secs works works/sec real.sec user.sec nice.sec sys.sec idle.sec iowait.sec irq.sec softirq.sec steal.sec guest.sec user.util nice.util sys.util idle.util iowait.util irq.util softirq.util steal.util guest.util

3 30.000008 64635845.000000 2154527.568187 30.0683 10.06 0 79.87 0.11 0 0 0.01 0.14 0 11.1542 0 88.5575 0.121965 0 0 0.0110877 0.155228 0

## ssd:ext4:DWOL:2:bufferedio
# ncpu secs works works/sec real.sec user.sec nice.sec sys.sec idle.sec iowait.sec irq.sec softirq.sec steal.sec guest.sec user.util nice.util sys.util idle.util iowait.util irq.util softirq.util steal.util guest.util

2 30.000007 48639742.000000 1621324.328002 30.07 6.82 0 53.18 0.05 0.01 0 0 0.09 0 11.3383 0 88.4123 0.0831255 0.0166251 0 0 0.149626 0

## ssd:ext4_no_jnl:DWOL:2:bufferedio
# ncpu secs works works/sec real.sec user.sec nice.sec sys.sec idle.sec iowait.sec irq.sec softirq.sec steal.sec guest.sec user.util nice.util sys.util idle.util iowait.util irq.util softirq.util steal.util guest.util

2 30.000009 68386778.000000 2279558.582799 30.0667 9.36 0 50.71 0.06 0 0 0 0.01 0 15.5637 0 84.3199 0.0997672 0 0 0 0.0166279 0

## ssd:xfs:DWOL:2:bufferedio
# ncpu secs works works/sec real.sec user.sec nice.sec sys.sec idle.sec iowait.sec irq.sec softirq.sec steal.sec guest.sec user.util nice.util sys.util idle.util iowait.util irq.util softirq.util steal.util guest.util

2 30.000011 29911943.000000 997064.384459 30.0688 4.41 0 55.68 0.06 0 0 0 0 0 7.33167 0 92.5686 0.0997506 0 0 0 0 0

## ssd:btrfs:DWOL:2:bufferedio
# ncpu secs works works/sec real.sec user.sec nice.sec sys.sec idle.sec iowait.sec irq.sec softirq.sec steal.sec guest.sec user.util nice.util sys.util idle.util iowait.util irq.util softirq.util steal.util guest.util

2 30.000005 23436758.000000 781225.136462 30.0727 3.3 0 56.79 0.06 0 0 0 0 0 5.48628 0 94.414 0.0997506 0 0 0 0 0

## ssd:f2fs:DWOL:2:bufferedio
# ncpu secs works works/sec real.sec user.sec nice.sec sys.sec idle.sec iowait.sec irq.sec softirq.sec steal.sec guest.sec user.util nice.util sys.util idle.util iowait.util irq.util softirq.util steal.util guest.util

2 30.000013 54249514.000000 1808316.349730 30.0671 7.31 0 52.77 0.06 0 0 0 0 0 12.155 0 87.7453 0.0997672 0 0 0 0 0

## ssd:ext4:DWOL:1:bufferedio
# ncpu secs works works/sec real.sec user.sec nice.sec sys.sec idle.sec iowait.sec irq.sec softirq.sec steal.sec guest.sec user.util nice.util sys.util idle.util iowait.util irq.util softirq.util steal.util guest.util

1 30.000085 29540187.000000 984670.110101 30.0719 3.95 0 26.12 0 0.01 0 0 0 0 13.1316 0 86.8351 0 0.0332447 0 0 0 0

## ssd:ext4_no_jnl:DWOL:1:bufferedio
# ncpu secs works works/sec real.sec user.sec nice.sec sys.sec idle.sec iowait.sec irq.sec softirq.sec steal.sec guest.sec user.util nice.util sys.util idle.util iowait.util irq.util softirq.util steal.util guest.util

1 30.000007 39250719.000000 1308356.994717 30.0709 4.78 0 25.29 0 0 0 0 0 0 15.8962 0 84.1038 0 0 0 0 0 0

## ssd:xfs:DWOL:1:bufferedio
# ncpu secs works works/sec real.sec user.sec nice.sec sys.sec idle.sec iowait.sec irq.sec softirq.sec steal.sec guest.sec user.util nice.util sys.util idle.util iowait.util irq.util softirq.util steal.util guest.util

1 30.000153 20001132.000000 666700.999825 30.0782 2.76 0 27.33 0 0 0 0 0 0 9.17248 0 90.8275 0 0 0 0 0 0

## ssd:btrfs:DWOL:1:bufferedio
# ncpu secs works works/sec real.sec user.sec nice.sec sys.sec idle.sec iowait.sec irq.sec softirq.sec steal.sec guest.sec user.util nice.util sys.util idle.util iowait.util irq.util softirq.util steal.util guest.util

1 30.000069 14979791.000000 499325.218219 30.0752 2.19 0 27.87 0 0 0 0 0 0 7.28543 0 92.7146 0 0 0 0 0 0

## ssd:f2fs:DWOL:1:bufferedio
# ncpu secs works works/sec real.sec user.sec nice.sec sys.sec idle.sec iowait.sec irq.sec softirq.sec steal.sec guest.sec user.util nice.util sys.util idle.util iowait.util irq.util softirq.util steal.util guest.util

1 30.000061 30203019.000000 1006765.252911 30.0792 3.8 0 26.27 0 0 0 0 0 0 12.6372 0 87.3628 0 0 0 0 0 0

### NUM_TEST_CONF  = 20
