### SYSTEM         = Linux ubuntu 4.4.0-87-generic #110-Ubuntu SMP Tue Jul 18 12:55:35 UTC 2017 x86_64 x86_64 x86_64 GNU/Linux
### DISK_SIZE      = 7G
### DURATION       = 30s
### DIRECTIO       = bufferedio,directio
### MEDIA_TYPES    = ssd,hdd,nvme,mem
### FS_TYPES       = ext4,ext4_no_jnl,xfs,btrfs,f2fs
### BENCH_TYPES    = DWAL,DWOL,DWOM,DWSL,MWRL,MWRM,MWCL,MWCM,MWUM,MWUL,DWTL,filebench_varmail,filebench_oltp,filebench_fileserver,dbench_client,MRPL,MRPM,MRPH,MRDM,MRDL,DRBH,DRBM,DRBL
### NCORES         = 1,2,3,4
### CORE_SEQ       = 0,1,2,3


### MODEL_NAME     = Intel Xeon E312xx (Sandy Bridge, IBRS update)
### PHYSICAL_CHIPS = 4
### CORE_PER_CHIP  = 1
### SMT_LEVEL      = 1


## hdd:ext4:DWOL:4:bufferedio
# ncpu secs works works/sec real.sec user.sec nice.sec sys.sec idle.sec iowait.sec irq.sec softirq.sec steal.sec guest.sec user.util nice.util sys.util idle.util iowait.util irq.util softirq.util steal.util guest.util

4 30.000021 100498217.000000 3349938.193794 30.0793 3.09 0 112.11 0.15 0.04 0 0.01 4.69 0 2.57307 0 93.355 0.124906 0.0333084 0 0.00832709 3.9054 0

## hdd:ext4_no_jnl:DWOL:4:bufferedio
# ncpu secs works works/sec real.sec user.sec nice.sec sys.sec idle.sec iowait.sec irq.sec softirq.sec steal.sec guest.sec user.util nice.util sys.util idle.util iowait.util irq.util softirq.util steal.util guest.util

4 30.000100 142672726.000000 4755741.641230 30.0786 4.18 0 110.97 0.15 0.02 0 0 4.7 0 3.48275 0 92.4596 0.124979 0.0166639 0 0 3.91601 0

## hdd:xfs:DWOL:4:bufferedio
# ncpu secs works works/sec real.sec user.sec nice.sec sys.sec idle.sec iowait.sec irq.sec softirq.sec steal.sec guest.sec user.util nice.util sys.util idle.util iowait.util irq.util softirq.util steal.util guest.util

4 30.000016 61008322.000000 2033609.631795 30.0803 2.65 0 112.26 0.16 0.01 0 0.01 5.06 0 2.20558 0 93.4332 0.133167 0.00832293 0 0.00832293 4.2114 0

## hdd:btrfs:DWOL:4:bufferedio
# ncpu secs works works/sec real.sec user.sec nice.sec sys.sec idle.sec iowait.sec irq.sec softirq.sec steal.sec guest.sec user.util nice.util sys.util idle.util iowait.util irq.util softirq.util steal.util guest.util

4 30.000012 41792572.000000 1393085.187708 30.0861 2.09 0 112.82 0.18 0.01 0 0 4.95 0 1.74094 0 93.9775 0.149938 0.00832986 0 0 4.12328 0

## hdd:f2fs:DWOL:4:bufferedio
# ncpu secs works works/sec real.sec user.sec nice.sec sys.sec idle.sec iowait.sec irq.sec softirq.sec steal.sec guest.sec user.util nice.util sys.util idle.util iowait.util irq.util softirq.util steal.util guest.util

4 30.000010 108783437.000000 3626113.297527 30.079 3.38 0 111.57 0.16 0.01 0 0 4.87 0 2.8169 0 92.9827 0.133344 0.00833403 0 0 4.05867 0

## hdd:ext4:DWOL:3:bufferedio
# ncpu secs works works/sec real.sec user.sec nice.sec sys.sec idle.sec iowait.sec irq.sec softirq.sec steal.sec guest.sec user.util nice.util sys.util idle.util iowait.util irq.util softirq.util steal.util guest.util

3 30.000020 92695098.000000 3089834.574442 30.0824 2.52 0 87.52 0.11 0.02 0 0.01 0.07 0 2.79224 0 96.9751 0.121884 0.0221607 0 0.0110803 0.0775623 0

## hdd:ext4_no_jnl:DWOL:3:bufferedio
# ncpu secs works works/sec real.sec user.sec nice.sec sys.sec idle.sec iowait.sec irq.sec softirq.sec steal.sec guest.sec user.util nice.util sys.util idle.util iowait.util irq.util softirq.util steal.util guest.util

3 29.999992 132705339.000000 4423512.479603 30.0687 3.16 0 86.87 0.11 0 0 0 0.05 0 3.50371 0 96.3189 0.121965 0 0 0 0.0554385 0

## hdd:xfs:DWOL:3:bufferedio
# ncpu secs works works/sec real.sec user.sec nice.sec sys.sec idle.sec iowait.sec irq.sec softirq.sec steal.sec guest.sec user.util nice.util sys.util idle.util iowait.util irq.util softirq.util steal.util guest.util

3 30.000017 56994151.000000 1899803.977887 30.0763 2.31 0 87.71 0.1 0.03 0 0 0.09 0 2.55984 0 97.1964 0.110816 0.0332447 0 0 0.099734 0

## hdd:btrfs:DWOL:3:bufferedio
# ncpu secs works works/sec real.sec user.sec nice.sec sys.sec idle.sec iowait.sec irq.sec softirq.sec steal.sec guest.sec user.util nice.util sys.util idle.util iowait.util irq.util softirq.util steal.util guest.util

3 30.000021 37995221.000000 1266506.494184 30.0772 1.54 0 88.4 0.12 0.01 0 0 0.16 0 1.70675 0 97.9718 0.132993 0.0110828 0 0 0.177325 0

## hdd:f2fs:DWOL:3:bufferedio
# ncpu secs works works/sec real.sec user.sec nice.sec sys.sec idle.sec iowait.sec irq.sec softirq.sec steal.sec guest.sec user.util nice.util sys.util idle.util iowait.util irq.util softirq.util steal.util guest.util

3 30.000024 101011934.000000 3367061.810429 30.0977 2.88 0 86.72 0.12 0.01 0 0 0.51 0 3.19149 0 96.0993 0.132979 0.0110816 0 0 0.56516 0

## hdd:ext4:DWOL:2:bufferedio
# ncpu secs works works/sec real.sec user.sec nice.sec sys.sec idle.sec iowait.sec irq.sec softirq.sec steal.sec guest.sec user.util nice.util sys.util idle.util iowait.util irq.util softirq.util steal.util guest.util

2 30.000020 79013711.000000 2633788.610808 30.0782 1.98 0 58.07 0.04 0.05 0 0 0.01 0 3.29177 0 96.542 0.0665004 0.0831255 0 0 0.0166251 0

## hdd:ext4_no_jnl:DWOL:2:bufferedio
# ncpu secs works works/sec real.sec user.sec nice.sec sys.sec idle.sec iowait.sec irq.sec softirq.sec steal.sec guest.sec user.util nice.util sys.util idle.util iowait.util irq.util softirq.util steal.util guest.util

2 30.000020 123499121.000000 4116634.622244 30.0824 2.34 0 57.75 0.06 0.01 0 0 0.01 0 3.88898 0 95.9781 0.0997175 0.0166196 0 0 0.0166196 0

## hdd:xfs:DWOL:2:bufferedio
# ncpu secs works works/sec real.sec user.sec nice.sec sys.sec idle.sec iowait.sec irq.sec softirq.sec steal.sec guest.sec user.util nice.util sys.util idle.util iowait.util irq.util softirq.util steal.util guest.util

2 30.000031 49500553.000000 1650016.700816 30.0862 1.71 0 58.37 0.06 0.01 0 0 0.01 0 2.84242 0 97.0246 0.099734 0.0166223 0 0 0.0166223 0

## hdd:btrfs:DWOL:2:bufferedio
# ncpu secs works works/sec real.sec user.sec nice.sec sys.sec idle.sec iowait.sec irq.sec softirq.sec steal.sec guest.sec user.util nice.util sys.util idle.util iowait.util irq.util softirq.util steal.util guest.util

2 30.000010 34733574.000000 1157785.414072 30.0706 0.84 0 59.24 0.06 0.01 0 0 0.01 0 1.39628 0 98.4707 0.099734 0.0166223 0 0 0.0166223 0

## hdd:f2fs:DWOL:2:bufferedio
# ncpu secs works works/sec real.sec user.sec nice.sec sys.sec idle.sec iowait.sec irq.sec softirq.sec steal.sec guest.sec user.util nice.util sys.util idle.util iowait.util irq.util softirq.util steal.util guest.util

2 30.000018 91663808.000000 3055458.382467 30.0876 2.25 0 57.85 0.05 0.01 0 0.01 0.01 0 3.73878 0 96.1283 0.0830841 0.0166168 0 0.0166168 0.0166168 0

## hdd:ext4:DWOL:1:bufferedio
# ncpu secs works works/sec real.sec user.sec nice.sec sys.sec idle.sec iowait.sec irq.sec softirq.sec steal.sec guest.sec user.util nice.util sys.util idle.util iowait.util irq.util softirq.util steal.util guest.util

1 30.000632 45669640.000000 1522289.263773 30.0756 1.07 0 29.01 0 0.01 0 0 0.01 0 3.55482 0 96.3787 0 0.0332226 0 0 0.0332226 0

## hdd:ext4_no_jnl:DWOL:1:bufferedio
# ncpu secs works works/sec real.sec user.sec nice.sec sys.sec idle.sec iowait.sec irq.sec softirq.sec steal.sec guest.sec user.util nice.util sys.util idle.util iowait.util irq.util softirq.util steal.util guest.util

1 30.000013 61199539.000000 2039983.749340 30.0796 1.44 0 28.63 0 0.01 0 0 0.01 0 4.78564 0 95.1479 0 0.0332336 0 0 0.0332336 0

## hdd:xfs:DWOL:1:bufferedio
# ncpu secs works works/sec real.sec user.sec nice.sec sys.sec idle.sec iowait.sec irq.sec softirq.sec steal.sec guest.sec user.util nice.util sys.util idle.util iowait.util irq.util softirq.util steal.util guest.util

1 30.000012 29161095.000000 972036.111186 30.0733 0.96 0 29.1 0 0 0 0 0 0 3.19361 0 96.8064 0 0 0 0 0 0

## hdd:btrfs:DWOL:1:bufferedio
# ncpu secs works works/sec real.sec user.sec nice.sec sys.sec idle.sec iowait.sec irq.sec softirq.sec steal.sec guest.sec user.util nice.util sys.util idle.util iowait.util irq.util softirq.util steal.util guest.util

1 30.000038 20956107.000000 698536.015188 30.0776 0.59 0 29.49 0 0 0 0 0 0 1.96144 0 98.0386 0 0 0 0 0 0

## hdd:f2fs:DWOL:1:bufferedio
# ncpu secs works works/sec real.sec user.sec nice.sec sys.sec idle.sec iowait.sec irq.sec softirq.sec steal.sec guest.sec user.util nice.util sys.util idle.util iowait.util irq.util softirq.util steal.util guest.util

1 30.000020 49603828.000000 1653459.831027 30.0862 1.01 0 29.06 0 0.02 0 0 0 0 3.3566 0 96.5769 0 0.0664673 0 0 0 0

### NUM_TEST_CONF  = 20
